Unable to capture context for thread 5436 in process 936, can not generate back trace
Unable to capture context for thread 4004 in process 936, can not generate back trace
Unable to capture context for thread 840 in process 936, can not generate back trace
Exception at PC 0x000007FEFD0EA06D
Unable to capture context for thread 5436 in process 936, can not generate back trace
Unable to capture context for thread 4004 in process 936, can not generate back trace
Unable to capture context for thread 840 in process 936, can not generate back trace
Exception at PC 0x000007FEB8D3BB93
Printing stacktrace...

Exception at PC 0x000007FEFD0EA06D
Exception at PC 0x000007FEFD0EA06D
Exception at PC 0x000007FEFD0EA06D
Exception at PC 0x000007FEFD0EA06D
Exception at PC 0x000007FEFD0EA06D
Exception at PC 0x000007FEFD0EA06D
Exception at PC 0x000007FEFD0EA06D
Exception at PC 0x000007FEFD0EA06D
Exception at PC 0x000007FEFD0EA06D
Exception at PC 0x000007FEFD0EA06D
Exception at PC 0x000007FEFD0EA06D
Exception at PC 0x000007FEFD0EA06D
Exception at PC 0x000007FEFD0EA06D
Exception at PC 0x000007FEFD0EA06D
Exception at PC 0x000007FEFD0EA06D
Exception at PC 0x000007FEFD0EA06D
Exception at PC 0x000007FEFD0EA06D
Exception at PC 0x000007FEFD0EA06D
Exception at PC 0x000007FEFD0EA06D
[0]  [0x000007FEB8D3BB93]
[1]  [0x000007FEB8D3BB93]
[2]  [0x000007FEB8D3B4A1]
[3]  [0x000007FEB8D3B3EF]
[4]  [0x000007FEB8D219FE]
[5]  [0x000007FEB8D20ED1]
[6]  [0x000007FEB8D20D76]
[7]  [0x000007FEB8CC79F6]
[8]  [0x000007FEB8CB7AFB]
[9]  [0x000007FEB8DDE90A]
[10]  [0x000007FEB8DF9F87]
[11]  [0x000007FEB8DFA05F]
[12] (BaseThreadInitThunk+0xd) [0x0000000076ED59CD]
[13] (RtlUserThreadStart+0x1d) [0x000000007713383D]
Done
